<?xml version="1.0" encoding="UTF-8"?>
<testsuite xmlns:xsi="http://www.w3.org/2001/XMLSchema-instance" xsi:noNamespaceSchemaLocation="https://maven.apache.org/surefire/maven-surefire-plugin/xsd/surefire-test-report.xsd" version="3.0.2" name="TestSuite" time="15.947" tests="3" errors="0" skipped="0" failures="0">
  <properties>
[...]
</properties>
  <testcase name="testSSOLogin" classname="com.auto.tests.LoginTest" time="2.631">
    <system-err><![CDATA[SLF4J(W): No SLF4J providers were found.
SLF4J(W): Defaulting to no-operation (NOP) logger implementation
SLF4J(W): See https://www.slf4j.org/codes.html#noProviders for further details.
4月 02, 2026 6:16:04 下午 org.openqa.selenium.devtools.CdpVersionFinder findNearestMatch
警告: Unable to find CDP implementation matching 146
4月 02, 2026 6:16:04 下午 org.openqa.selenium.chromium.ChromiumDriver lambda$new$4
警告: Unable to find version of CDP to use for 146.0.7680.165. You may need to include a dependency on a specific version of the CDP using something similar to `org.seleniumhq.selenium:selenium-devtools-v86:4.28.0` where the version ("v86") matches the version of the chromium-based browser you're using and the version number of the artifact is the same as Selenium's.
]]></system-err>
  </testcase>
  <testcase name="testHomePageLoad" classname="com.auto.tests.PageLoadTest" time="1.568">
    <system-err><![CDATA[4月 02, 2026 6:16:09 下午 org.openqa.selenium.devtools.CdpVersionFinder findNearestMatch
警告: Unable to find CDP implementation matching 146
4月 02, 2026 6:16:09 下午 org.openqa.selenium.chromium.ChromiumDriver lambda$new$4
警告: Unable to find version of CDP to use for 146.0.7680.165. You may need to include a dependency on a specific version of the CDP using something similar to `org.seleniumhq.selenium:selenium-devtools-v86:4.28.0` where the version ("v86") matches the version of the chromium-based browser you're using and the version number of the artifact is the same as Selenium's.
]]></system-err>
  </testcase>
  <testcase name="testFormSubmitFlow" classname="com.auto.tests.FormFlowTest" time="1.819">
    <system-err><![CDATA[4月 02, 2026 6:16:11 下午 org.openqa.selenium.devtools.CdpVersionFinder findNearestMatch
警告: Unable to find CDP implementation matching 146
4月 02, 2026 6:16:11 下午 org.openqa.selenium.chromium.ChromiumDriver lambda$new$4
警告: Unable to find version of CDP to use for 146.0.7680.165. You may need to include a dependency on a specific version of the CDP using something similar to `org.seleniumhq.selenium:selenium-devtools-v86:4.28.0` where the version ("v86") matches the version of the chromium-based browser you're using and the version number of the artifact is the same as Selenium's.
]]></system-err>
  </testcase>
</testsuite>