<?xml version="1.0" encoding="UTF-8"?>
<testng-results ignored="0" total="3" passed="3" failed="0" skipped="0">
  <reporter-output>
  </reporter-output>
  <suite started-at="2026-04-02T18:15:59 CST" name="K8s-Enterprise-Test-Suite" finished-at="2026-04-02T18:16:13 CST" duration-ms="14848">
    <groups>
    </groups>
    <test started-at="2026-04-02T18:15:59 CST" name="SystemAutomationTest" finished-at="2026-04-02T18:16:13 CST" duration-ms="14848">
      <class name="com.auto.tests.FormFlowTest">
        <test-method is-config="true" signature="startBrowser()[pri:0, instance:com.auto.tests.FormFlowTest@1e6a3214]" started-at="2026-04-02T18:16:10 CST" name="startBrowser" finished-at="2026-04-02T18:16:11 CST" duration-ms="1045" status="PASS">
          <reporter-output>
          </reporter-output>
        </test-method> <!-- startBrowser -->
        <test-method signature="testFormSubmitFlow()[pri:0, instance:com.auto.tests.FormFlowTest@1e6a3214]" started-at="2026-04-02T18:16:11 CST" name="testFormSubmitFlow" finished-at="2026-04-02T18:16:13 CST" duration-ms="1820" status="PASS">
          <reporter-output>
          </reporter-output>
        </test-method> <!-- testFormSubmitFlow -->
        <test-method is-config="true" signature="closeBrowser()[pri:0, instance:com.auto.tests.FormFlowTest@1e6a3214]" started-at="2026-04-02T18:16:13 CST" name="closeBrowser" finished-at="2026-04-02T18:16:13 CST" duration-ms="197" status="PASS">
          <reporter-output>
          </reporter-output>
        </test-method> <!-- closeBrowser -->
      </class> <!-- com.auto.tests.FormFlowTest -->
      <class name="com.auto.tests.LoginTest">
        <test-method is-config="true" signature="startBrowser()[pri:0, instance:com.auto.tests.LoginTest@1ffaf86]" started-at="2026-04-02T18:15:59 CST" name="startBrowser" finished-at="2026-04-02T18:16:04 CST" duration-ms="5067" status="PASS">
          <reporter-output>
          </reporter-output>
        </test-method> <!-- startBrowser -->
        <test-method signature="testSSOLogin()[pri:0, instance:com.auto.tests.LoginTest@1ffaf86]" started-at="2026-04-02T18:16:04 CST" name="testSSOLogin" finished-at="2026-04-02T18:16:06 CST" duration-ms="2421" status="PASS">
          <reporter-output>
          </reporter-output>
        </test-method> <!-- testSSOLogin -->
        <test-method is-config="true" signature="closeBrowser()[pri:0, instance:com.auto.tests.LoginTest@1ffaf86]" started-at="2026-04-02T18:16:06 CST" name="closeBrowser" finished-at="2026-04-02T18:16:06 CST" duration-ms="198" status="PASS">
          <reporter-output>
          </reporter-output>
        </test-method> <!-- closeBrowser -->
      </class> <!-- com.auto.tests.LoginTest -->
      <class name="com.auto.tests.PageLoadTest">
        <test-method is-config="true" signature="startBrowser()[pri:0, instance:com.auto.tests.PageLoadTest@20140db9]" started-at="2026-04-02T18:16:06 CST" name="startBrowser" finished-at="2026-04-02T18:16:09 CST" duration-ms="2038" status="PASS">
          <reporter-output>
          </reporter-output>
        </test-method> <!-- startBrowser -->
        <test-method signature="testHomePageLoad()[pri:0, instance:com.auto.tests.PageLoadTest@20140db9]" started-at="2026-04-02T18:16:09 CST" name="testHomePageLoad" finished-at="2026-04-02T18:16:10 CST" duration-ms="1567" status="PASS">
          <reporter-output>
          </reporter-output>
        </test-method> <!-- testHomePageLoad -->
        <test-method is-config="true" signature="closeBrowser()[pri:0, instance:com.auto.tests.PageLoadTest@20140db9]" started-at="2026-04-02T18:16:10 CST" name="closeBrowser" finished-at="2026-04-02T18:16:10 CST" duration-ms="207" status="PASS">
          <reporter-output>
          </reporter-output>
        </test-method> <!-- closeBrowser -->
      </class> <!-- com.auto.tests.PageLoadTest -->
    </test> <!-- SystemAutomationTest -->
  </suite> <!-- K8s-Enterprise-Test-Suite -->
</testng-results>
