<?xml version="1.0" encoding="UTF-8"?>
<!-- Generated by org.testng.reporters.JUnitXMLReporter -->
<testsuite ignored="0" hostname="WIN-20260323RRP" failures="0" tests="3" name="SystemAutomationTest" time="14.848" errors="0" timestamp="2026-04-02T18:16:13 CST">
  <testcase classname="com.auto.tests.LoginTest" name="testSSOLogin" time="2.421"/>
  <testcase classname="com.auto.tests.PageLoadTest" name="testHomePageLoad" time="1.567"/>
  <testcase classname="com.auto.tests.FormFlowTest" name="testFormSubmitFlow" time="1.82"/>
</testsuite> <!-- SystemAutomationTest -->
